Started GET "/" for 127.0.0.1 at 2024-09-30 19:02:38 +0300
  
ActiveRecord::StatementInvalid (SQLite3::CantOpenException: unable to open database file):
  
Started GET "/favicon.ico" for 127.0.0.1 at 2024-09-30 19:02:38 +0300
  
ActiveRecord::StatementInvalid (SQLite3::CantOpenException: unable to open database file):
  
Started GET "/" for 127.0.0.1 at 2024-09-30 19:03:45 +0300
  
ActiveRecord::StatementInvalid (SQLite3::CantOpenException: unable to open database file):
  
Started GET "/favicon.ico" for 127.0.0.1 at 2024-09-30 19:03:45 +0300
  
ActiveRecord::StatementInvalid (SQLite3::CantOpenException: unable to open database file):
  
Started GET "/" for 127.0.0.1 at 2024-09-30 19:06:21 +0300
  
ActiveRecord::StatementInvalid (SQLite3::CantOpenException: unable to open database file):
  
Started GET "/favicon.ico" for 127.0.0.1 at 2024-09-30 19:06:21 +0300
  
ActiveRecord::StatementInvalid (SQLite3::CantOpenException: unable to open database file):
  
Started GET "/" for 127.0.0.1 at 2024-09-30 19:07:17 +0300
  
ActiveRecord::NoDatabaseError (Database not found):
  
activerecord (7.1.4) lib/active_record/connection_adapters/sqlite3_adapter.rb:119:in `rescue in initialize'
activerecord (7.1.4) lib/active_record/connection_adapters/sqlite3_adapter.rb:115:in `initialize'
activerecord (7.1.4) lib/active_record/connection_adapters/sqlite3_adapter.rb:24:in `new'
activerecord (7.1.4) lib/active_record/connection_adapters/sqlite3_adapter.rb:24:in `sqlite3_connection'
activerecord (7.1.4) lib/active_record/connection_adapters/abstract/connection_pool.rb:676:in `public_send'
activerecord (7.1.4) lib/active_record/connection_adapters/abstract/connection_pool.rb:676:in `new_connection'
activerecord (7.1.4) lib/active_record/connection_adapters/abstract/connection_pool.rb:730:in `checkout_new_connection'
activerecord (7.1.4) lib/active_record/connection_adapters/abstract/connection_pool.rb:709:in `try_to_checkout_new_connection'
activerecord (7.1.4) lib/active_record/connection_adapters/abstract/connection_pool.rb:654:in `acquire_connection'
activerecord (7.1.4) lib/active_record/connection_adapters/abstract/connection_pool.rb:353:in `checkout'
activerecord (7.1.4) lib/active_record/connection_adapters/abstract/connection_pool.rb:182:in `connection'
activerecord (7.1.4) lib/active_record/migration/pending_migration_connection.rb:8:in `establish_temporary_connection'
activerecord (7.1.4) lib/active_record/migration.rb:774:in `block in pending_migrations'
activerecord (7.1.4) lib/active_record/migration.rb:773:in `each'
activerecord (7.1.4) lib/active_record/migration.rb:773:in `pending_migrations'
activerecord (7.1.4) lib/active_record/migration.rb:752:in `check_pending_migrations'
activerecord (7.1.4) lib/active_record/migration.rb:644:in `block (2 levels) in call'
activesupport (7.1.4) lib/active_support/file_update_checker.rb:85:in `execute'
activerecord (7.1.4) lib/active_record/migration.rb:649:in `block in call'
activerecord (7.1.4) lib/active_record/migration.rb:641:in `synchronize'
activerecord (7.1.4) lib/active_record/migration.rb:641:in `call'
actionpack (7.1.4) lib/action_dispatch/middleware/callbacks.rb:29:in `block in call'
activesupport (7.1.4) lib/active_support/callbacks.rb:101:in `run_callbacks'
actionpack (7.1.4) lib/action_dispatch/middleware/callbacks.rb:28:in `call'
actionpack (7.1.4) lib/action_dispatch/middleware/executor.rb:14:in `call'
actionpack (7.1.4) lib/action_dispatch/middleware/actionable_exceptions.rb:16:in `call'
actionpack (7.1.4) lib/action_dispatch/middleware/debug_exceptions.rb:29:in `call'
actionpack (7.1.4) lib/action_dispatch/middleware/show_exceptions.rb:31:in `call'
railties (7.1.4) lib/rails/rack/logger.rb:37:in `call_app'
railties (7.1.4) lib/rails/rack/logger.rb:24:in `block in call'
activesupport (7.1.4) lib/active_support/tagged_logging.rb:139:in `block in tagged'
activesupport (7.1.4) lib/active_support/tagged_logging.rb:39:in `tagged'
activesupport (7.1.4) lib/active_support/tagged_logging.rb:139:in `tagged'
activesupport (7.1.4) lib/active_support/broadcast_logger.rb:241:in `method_missing'
railties (7.1.4) lib/rails/rack/logger.rb:24:in `call'
sprockets-rails (3.5.2) lib/sprockets/rails/quiet_assets.rb:17:in `call'
actionpack (7.1.4) lib/action_dispatch/middleware/remote_ip.rb:92:in `call'
actionpack (7.1.4) lib/action_dispatch/middleware/request_id.rb:28:in `call'
rack (3.1.7) lib/rack/method_override.rb:28:in `call'
rack (3.1.7) lib/rack/runtime.rb:24:in `call'
activesupport (7.1.4) lib/active_support/cache/strategy/local_cache_middleware.rb:29:in `call'
actionpack (7.1.4) lib/action_dispatch/middleware/server_timing.rb:59:in `block in call'
actionpack (7.1.4) lib/action_dispatch/middleware/server_timing.rb:24:in `collect_events'
actionpack (7.1.4) lib/action_dispatch/middleware/server_timing.rb:58:in `call'
actionpack (7.1.4) lib/action_dispatch/middleware/executor.rb:14:in `call'
actionpack (7.1.4) lib/action_dispatch/middleware/static.rb:25:in `call'
rack (3.1.7) lib/rack/sendfile.rb:114:in `call'
actionpack (7.1.4) lib/action_dispatch/middleware/host_authorization.rb:141:in `call'
railties (7.1.4) lib/rails/engine.rb:536:in `call'
puma (6.4.3) lib/puma/configuration.rb:272:in `call'
puma (6.4.3) lib/puma/request.rb:100:in `block in handle_request'
puma (6.4.3) lib/puma/thread_pool.rb:378:in `with_force_shutdown'
puma (6.4.3) lib/puma/request.rb:99:in `handle_request'
puma (6.4.3) lib/puma/server.rb:464:in `process_client'
puma (6.4.3) lib/puma/server.rb:245:in `block in run'
puma (6.4.3) lib/puma/thread_pool.rb:155:in `block in spawn_thread'
Started GET "/favicon.ico" for 127.0.0.1 at 2024-09-30 19:07:17 +0300
  
ActiveRecord::NoDatabaseError (Database not found):
  
activerecord (7.1.4) lib/active_record/connection_adapters/sqlite3_adapter.rb:119:in `rescue in initialize'
activerecord (7.1.4) lib/active_record/connection_adapters/sqlite3_adapter.rb:115:in `initialize'
activerecord (7.1.4) lib/active_record/connection_adapters/sqlite3_adapter.rb:24:in `new'
activerecord (7.1.4) lib/active_record/connection_adapters/sqlite3_adapter.rb:24:in `sqlite3_connection'
activerecord (7.1.4) lib/active_record/connection_adapters/abstract/connection_pool.rb:676:in `public_send'
activerecord (7.1.4) lib/active_record/connection_adapters/abstract/connection_pool.rb:676:in `new_connection'
activerecord (7.1.4) lib/active_record/connection_adapters/abstract/connection_pool.rb:730:in `checkout_new_connection'
activerecord (7.1.4) lib/active_record/connection_adapters/abstract/connection_pool.rb:709:in `try_to_checkout_new_connection'
activerecord (7.1.4) lib/active_record/connection_adapters/abstract/connection_pool.rb:654:in `acquire_connection'
activerecord (7.1.4) lib/active_record/connection_adapters/abstract/connection_pool.rb:353:in `checkout'
activerecord (7.1.4) lib/active_record/connection_adapters/abstract/connection_pool.rb:182:in `connection'
activerecord (7.1.4) lib/active_record/migration/pending_migration_connection.rb:8:in `establish_temporary_connection'
activerecord (7.1.4) lib/active_record/migration.rb:774:in `block in pending_migrations'
activerecord (7.1.4) lib/active_record/migration.rb:773:in `each'
activerecord (7.1.4) lib/active_record/migration.rb:773:in `pending_migrations'
activerecord (7.1.4) lib/active_record/migration.rb:752:in `check_pending_migrations'
activerecord (7.1.4) lib/active_record/migration.rb:644:in `block (2 levels) in call'
activesupport (7.1.4) lib/active_support/file_update_checker.rb:85:in `execute'
activerecord (7.1.4) lib/active_record/migration.rb:649:in `block in call'
activerecord (7.1.4) lib/active_record/migration.rb:641:in `synchronize'
activerecord (7.1.4) lib/active_record/migration.rb:641:in `call'
actionpack (7.1.4) lib/action_dispatch/middleware/callbacks.rb:29:in `block in call'
activesupport (7.1.4) lib/active_support/callbacks.rb:101:in `run_callbacks'
actionpack (7.1.4) lib/action_dispatch/middleware/callbacks.rb:28:in `call'
actionpack (7.1.4) lib/action_dispatch/middleware/executor.rb:14:in `call'
actionpack (7.1.4) lib/action_dispatch/middleware/actionable_exceptions.rb:16:in `call'
actionpack (7.1.4) lib/action_dispatch/middleware/debug_exceptions.rb:29:in `call'
actionpack (7.1.4) lib/action_dispatch/middleware/show_exceptions.rb:31:in `call'
railties (7.1.4) lib/rails/rack/logger.rb:37:in `call_app'
railties (7.1.4) lib/rails/rack/logger.rb:24:in `block in call'
activesupport (7.1.4) lib/active_support/tagged_logging.rb:139:in `block in tagged'
activesupport (7.1.4) lib/active_support/tagged_logging.rb:39:in `tagged'
activesupport (7.1.4) lib/active_support/tagged_logging.rb:139:in `tagged'
activesupport (7.1.4) lib/active_support/broadcast_logger.rb:241:in `method_missing'
railties (7.1.4) lib/rails/rack/logger.rb:24:in `call'
sprockets-rails (3.5.2) lib/sprockets/rails/quiet_assets.rb:17:in `call'
actionpack (7.1.4) lib/action_dispatch/middleware/remote_ip.rb:92:in `call'
actionpack (7.1.4) lib/action_dispatch/middleware/request_id.rb:28:in `call'
rack (3.1.7) lib/rack/method_override.rb:28:in `call'
rack (3.1.7) lib/rack/runtime.rb:24:in `call'
activesupport (7.1.4) lib/active_support/cache/strategy/local_cache_middleware.rb:29:in `call'
actionpack (7.1.4) lib/action_dispatch/middleware/server_timing.rb:59:in `block in call'
actionpack (7.1.4) lib/action_dispatch/middleware/server_timing.rb:24:in `collect_events'
actionpack (7.1.4) lib/action_dispatch/middleware/server_timing.rb:58:in `call'
actionpack (7.1.4) lib/action_dispatch/middleware/executor.rb:14:in `call'
actionpack (7.1.4) lib/action_dispatch/middleware/static.rb:25:in `call'
rack (3.1.7) lib/rack/sendfile.rb:114:in `call'
actionpack (7.1.4) lib/action_dispatch/middleware/host_authorization.rb:141:in `call'
railties (7.1.4) lib/rails/engine.rb:536:in `call'
puma (6.4.3) lib/puma/configuration.rb:272:in `call'
puma (6.4.3) lib/puma/request.rb:100:in `block in handle_request'
puma (6.4.3) lib/puma/thread_pool.rb:378:in `with_force_shutdown'
puma (6.4.3) lib/puma/request.rb:99:in `handle_request'
puma (6.4.3) lib/puma/server.rb:464:in `process_client'
puma (6.4.3) lib/puma/server.rb:245:in `block in run'
puma (6.4.3) lib/puma/thread_pool.rb:155:in `block in spawn_thread'
Started POST "/rails/actions" for 127.0.0.1 at 2024-09-30 19:07:36 +0300
  
ActiveRecord::NoDatabaseError (Database not found):
  
activerecord (7.1.4) lib/active_record/connection_adapters/sqlite3_adapter.rb:119:in `rescue in initialize'
activerecord (7.1.4) lib/active_record/connection_adapters/sqlite3_adapter.rb:115:in `initialize'
activerecord (7.1.4) lib/active_record/connection_adapters/sqlite3_adapter.rb:24:in `new'
activerecord (7.1.4) lib/active_record/connection_adapters/sqlite3_adapter.rb:24:in `sqlite3_connection'
activerecord (7.1.4) lib/active_record/connection_adapters/abstract/connection_pool.rb:676:in `public_send'
activerecord (7.1.4) lib/active_record/connection_adapters/abstract/connection_pool.rb:676:in `new_connection'
activerecord (7.1.4) lib/active_record/connection_adapters/abstract/connection_pool.rb:730:in `checkout_new_connection'
activerecord (7.1.4) lib/active_record/connection_adapters/abstract/connection_pool.rb:709:in `try_to_checkout_new_connection'
activerecord (7.1.4) lib/active_record/connection_adapters/abstract/connection_pool.rb:654:in `acquire_connection'
activerecord (7.1.4) lib/active_record/connection_adapters/abstract/connection_pool.rb:353:in `checkout'
activerecord (7.1.4) lib/active_record/connection_adapters/abstract/connection_pool.rb:182:in `connection'
activerecord (7.1.4) lib/active_record/connection_adapters/abstract/connection_handler.rb:246:in `retrieve_connection'
activerecord (7.1.4) lib/active_record/connection_handling.rb:287:in `retrieve_connection'
activerecord (7.1.4) lib/active_record/connection_handling.rb:254:in `connection'
activerecord (7.1.4) lib/active_record/tasks/sqlite_database_tasks.rb:69:in `connection'
activerecord (7.1.4) lib/active_record/tasks/sqlite_database_tasks.rb:19:in `create'
activerecord (7.1.4) lib/active_record/tasks/database_tasks.rb:117:in `create'
activerecord (7.1.4) lib/active_record/tasks/database_tasks.rb:171:in `block in create_current'
activerecord (7.1.4) lib/active_record/tasks/database_tasks.rb:567:in `block (2 levels) in each_current_configuration'
activerecord (7.1.4) lib/active_record/tasks/database_tasks.rb:564:in `each'
activerecord (7.1.4) lib/active_record/tasks/database_tasks.rb:564:in `block in each_current_configuration'
activerecord (7.1.4) lib/active_record/tasks/database_tasks.rb:575:in `each'
activerecord (7.1.4) lib/active_record/tasks/database_tasks.rb:575:in `each_current_environment'
activerecord (7.1.4) lib/active_record/tasks/database_tasks.rb:563:in `each_current_configuration'
activerecord (7.1.4) lib/active_record/tasks/database_tasks.rb:171:in `create_current'
activerecord (7.1.4) lib/active_record/errors.rb:311:in `block in <class:NoDatabaseError>'
activesupport (7.1.4) lib/active_support/actionable_error.rb:30:in `dispatch'
actionpack (7.1.4) lib/action_dispatch/middleware/actionable_exceptions.rb:18:in `call'
actionpack (7.1.4) lib/action_dispatch/middleware/debug_exceptions.rb:29:in `call'
actionpack (7.1.4) lib/action_dispatch/middleware/show_exceptions.rb:31:in `call'
railties (7.1.4) lib/rails/rack/logger.rb:37:in `call_app'
railties (7.1.4) lib/rails/rack/logger.rb:24:in `block in call'
activesupport (7.1.4) lib/active_support/tagged_logging.rb:139:in `block in tagged'
activesupport (7.1.4) lib/active_support/tagged_logging.rb:39:in `tagged'
activesupport (7.1.4) lib/active_support/tagged_logging.rb:139:in `tagged'
activesupport (7.1.4) lib/active_support/broadcast_logger.rb:241:in `method_missing'
railties (7.1.4) lib/rails/rack/logger.rb:24:in `call'
sprockets-rails (3.5.2) lib/sprockets/rails/quiet_assets.rb:17:in `call'
actionpack (7.1.4) lib/action_dispatch/middleware/remote_ip.rb:92:in `call'
actionpack (7.1.4) lib/action_dispatch/middleware/request_id.rb:28:in `call'
rack (3.1.7) lib/rack/method_override.rb:28:in `call'
rack (3.1.7) lib/rack/runtime.rb:24:in `call'
activesupport (7.1.4) lib/active_support/cache/strategy/local_cache_middleware.rb:29:in `call'
actionpack (7.1.4) lib/action_dispatch/middleware/server_timing.rb:59:in `block in call'
actionpack (7.1.4) lib/action_dispatch/middleware/server_timing.rb:24:in `collect_events'
actionpack (7.1.4) lib/action_dispatch/middleware/server_timing.rb:58:in `call'
actionpack (7.1.4) lib/action_dispatch/middleware/executor.rb:14:in `call'
actionpack (7.1.4) lib/action_dispatch/middleware/static.rb:25:in `call'
rack (3.1.7) lib/rack/sendfile.rb:114:in `call'
actionpack (7.1.4) lib/action_dispatch/middleware/host_authorization.rb:141:in `call'
railties (7.1.4) lib/rails/engine.rb:536:in `call'
puma (6.4.3) lib/puma/configuration.rb:272:in `call'
puma (6.4.3) lib/puma/request.rb:100:in `block in handle_request'
puma (6.4.3) lib/puma/thread_pool.rb:378:in `with_force_shutdown'
puma (6.4.3) lib/puma/request.rb:99:in `handle_request'
puma (6.4.3) lib/puma/server.rb:464:in `process_client'
puma (6.4.3) lib/puma/server.rb:245:in `block in run'
puma (6.4.3) lib/puma/thread_pool.rb:155:in `block in spawn_thread'
Started GET "/favicon.ico" for 127.0.0.1 at 2024-09-30 19:07:36 +0300
  
ActiveRecord::NoDatabaseError (Database not found):
  
activerecord (7.1.4) lib/active_record/connection_adapters/sqlite3_adapter.rb:119:in `rescue in initialize'
activerecord (7.1.4) lib/active_record/connection_adapters/sqlite3_adapter.rb:115:in `initialize'
activerecord (7.1.4) lib/active_record/connection_adapters/sqlite3_adapter.rb:24:in `new'
activerecord (7.1.4) lib/active_record/connection_adapters/sqlite3_adapter.rb:24:in `sqlite3_connection'
activerecord (7.1.4) lib/active_record/connection_adapters/abstract/connection_pool.rb:676:in `public_send'
activerecord (7.1.4) lib/active_record/connection_adapters/abstract/connection_pool.rb:676:in `new_connection'
activerecord (7.1.4) lib/active_record/connection_adapters/abstract/connection_pool.rb:730:in `checkout_new_connection'
activerecord (7.1.4) lib/active_record/connection_adapters/abstract/connection_pool.rb:709:in `try_to_checkout_new_connection'
activerecord (7.1.4) lib/active_record/connection_adapters/abstract/connection_pool.rb:654:in `acquire_connection'
activerecord (7.1.4) lib/active_record/connection_adapters/abstract/connection_pool.rb:353:in `checkout'
activerecord (7.1.4) lib/active_record/connection_adapters/abstract/connection_pool.rb:182:in `connection'
activerecord (7.1.4) lib/active_record/migration/pending_migration_connection.rb:8:in `establish_temporary_connection'
activerecord (7.1.4) lib/active_record/migration.rb:774:in `block in pending_migrations'
activerecord (7.1.4) lib/active_record/migration.rb:773:in `each'
activerecord (7.1.4) lib/active_record/migration.rb:773:in `pending_migrations'
activerecord (7.1.4) lib/active_record/migration.rb:752:in `check_pending_migrations'
activerecord (7.1.4) lib/active_record/migration.rb:644:in `block (2 levels) in call'
activesupport (7.1.4) lib/active_support/file_update_checker.rb:85:in `execute'
activerecord (7.1.4) lib/active_record/migration.rb:649:in `block in call'
activerecord (7.1.4) lib/active_record/migration.rb:641:in `synchronize'
activerecord (7.1.4) lib/active_record/migration.rb:641:in `call'
actionpack (7.1.4) lib/action_dispatch/middleware/callbacks.rb:29:in `block in call'
activesupport (7.1.4) lib/active_support/callbacks.rb:101:in `run_callbacks'
actionpack (7.1.4) lib/action_dispatch/middleware/callbacks.rb:28:in `call'
actionpack (7.1.4) lib/action_dispatch/middleware/executor.rb:14:in `call'
actionpack (7.1.4) lib/action_dispatch/middleware/actionable_exceptions.rb:16:in `call'
actionpack (7.1.4) lib/action_dispatch/middleware/debug_exceptions.rb:29:in `call'
actionpack (7.1.4) lib/action_dispatch/middleware/show_exceptions.rb:31:in `call'
railties (7.1.4) lib/rails/rack/logger.rb:37:in `call_app'
railties (7.1.4) lib/rails/rack/logger.rb:24:in `block in call'
activesupport (7.1.4) lib/active_support/tagged_logging.rb:139:in `block in tagged'
activesupport (7.1.4) lib/active_support/tagged_logging.rb:39:in `tagged'
activesupport (7.1.4) lib/active_support/tagged_logging.rb:139:in `tagged'
activesupport (7.1.4) lib/active_support/broadcast_logger.rb:241:in `method_missing'
railties (7.1.4) lib/rails/rack/logger.rb:24:in `call'
sprockets-rails (3.5.2) lib/sprockets/rails/quiet_assets.rb:17:in `call'
actionpack (7.1.4) lib/action_dispatch/middleware/remote_ip.rb:92:in `call'
actionpack (7.1.4) lib/action_dispatch/middleware/request_id.rb:28:in `call'
rack (3.1.7) lib/rack/method_override.rb:28:in `call'
rack (3.1.7) lib/rack/runtime.rb:24:in `call'
activesupport (7.1.4) lib/active_support/cache/strategy/local_cache_middleware.rb:29:in `call'
actionpack (7.1.4) lib/action_dispatch/middleware/server_timing.rb:59:in `block in call'
actionpack (7.1.4) lib/action_dispatch/middleware/server_timing.rb:24:in `collect_events'
actionpack (7.1.4) lib/action_dispatch/middleware/server_timing.rb:58:in `call'
actionpack (7.1.4) lib/action_dispatch/middleware/executor.rb:14:in `call'
actionpack (7.1.4) lib/action_dispatch/middleware/static.rb:25:in `call'
rack (3.1.7) lib/rack/sendfile.rb:114:in `call'
actionpack (7.1.4) lib/action_dispatch/middleware/host_authorization.rb:141:in `call'
railties (7.1.4) lib/rails/engine.rb:536:in `call'
puma (6.4.3) lib/puma/configuration.rb:272:in `call'
puma (6.4.3) lib/puma/request.rb:100:in `block in handle_request'
puma (6.4.3) lib/puma/thread_pool.rb:378:in `with_force_shutdown'
puma (6.4.3) lib/puma/request.rb:99:in `handle_request'
puma (6.4.3) lib/puma/server.rb:464:in `process_client'
puma (6.4.3) lib/puma/server.rb:245:in `block in run'
puma (6.4.3) lib/puma/thread_pool.rb:155:in `block in spawn_thread'
Started GET "/" for 127.0.0.1 at 2024-09-30 19:09:52 +0300
  
ActiveRecord::NoDatabaseError (Database not found):
  
activerecord (7.1.4) lib/active_record/connection_adapters/sqlite3_adapter.rb:119:in `rescue in initialize'
activerecord (7.1.4) lib/active_record/connection_adapters/sqlite3_adapter.rb:115:in `initialize'
activerecord (7.1.4) lib/active_record/connection_adapters/sqlite3_adapter.rb:24:in `new'
activerecord (7.1.4) lib/active_record/connection_adapters/sqlite3_adapter.rb:24:in `sqlite3_connection'
activerecord (7.1.4) lib/active_record/connection_adapters/abstract/connection_pool.rb:676:in `public_send'
activerecord (7.1.4) lib/active_record/connection_adapters/abstract/connection_pool.rb:676:in `new_connection'
activerecord (7.1.4) lib/active_record/connection_adapters/abstract/connection_pool.rb:730:in `checkout_new_connection'
activerecord (7.1.4) lib/active_record/connection_adapters/abstract/connection_pool.rb:709:in `try_to_checkout_new_connection'
activerecord (7.1.4) lib/active_record/connection_adapters/abstract/connection_pool.rb:654:in `acquire_connection'
activerecord (7.1.4) lib/active_record/connection_adapters/abstract/connection_pool.rb:353:in `checkout'
activerecord (7.1.4) lib/active_record/connection_adapters/abstract/connection_pool.rb:182:in `connection'
activerecord (7.1.4) lib/active_record/migration/pending_migration_connection.rb:8:in `establish_temporary_connection'
activerecord (7.1.4) lib/active_record/migration.rb:774:in `block in pending_migrations'
activerecord (7.1.4) lib/active_record/migration.rb:773:in `each'
activerecord (7.1.4) lib/active_record/migration.rb:773:in `pending_migrations'
activerecord (7.1.4) lib/active_record/migration.rb:752:in `check_pending_migrations'
activerecord (7.1.4) lib/active_record/migration.rb:644:in `block (2 levels) in call'
activesupport (7.1.4) lib/active_support/file_update_checker.rb:85:in `execute'
activerecord (7.1.4) lib/active_record/migration.rb:649:in `block in call'
activerecord (7.1.4) lib/active_record/migration.rb:641:in `synchronize'
activerecord (7.1.4) lib/active_record/migration.rb:641:in `call'
actionpack (7.1.4) lib/action_dispatch/middleware/callbacks.rb:29:in `block in call'
activesupport (7.1.4) lib/active_support/callbacks.rb:101:in `run_callbacks'
actionpack (7.1.4) lib/action_dispatch/middleware/callbacks.rb:28:in `call'
actionpack (7.1.4) lib/action_dispatch/middleware/executor.rb:14:in `call'
actionpack (7.1.4) lib/action_dispatch/middleware/actionable_exceptions.rb:16:in `call'
actionpack (7.1.4) lib/action_dispatch/middleware/debug_exceptions.rb:29:in `call'
actionpack (7.1.4) lib/action_dispatch/middleware/show_exceptions.rb:31:in `call'
railties (7.1.4) lib/rails/rack/logger.rb:37:in `call_app'
railties (7.1.4) lib/rails/rack/logger.rb:24:in `block in call'
activesupport (7.1.4) lib/active_support/tagged_logging.rb:139:in `block in tagged'
activesupport (7.1.4) lib/active_support/tagged_logging.rb:39:in `tagged'
activesupport (7.1.4) lib/active_support/tagged_logging.rb:139:in `tagged'
activesupport (7.1.4) lib/active_support/broadcast_logger.rb:241:in `method_missing'
railties (7.1.4) lib/rails/rack/logger.rb:24:in `call'
sprockets-rails (3.5.2) lib/sprockets/rails/quiet_assets.rb:17:in `call'
actionpack (7.1.4) lib/action_dispatch/middleware/remote_ip.rb:92:in `call'
actionpack (7.1.4) lib/action_dispatch/middleware/request_id.rb:28:in `call'
rack (3.1.7) lib/rack/method_override.rb:28:in `call'
rack (3.1.7) lib/rack/runtime.rb:24:in `call'
activesupport (7.1.4) lib/active_support/cache/strategy/local_cache_middleware.rb:29:in `call'
actionpack (7.1.4) lib/action_dispatch/middleware/server_timing.rb:59:in `block in call'
actionpack (7.1.4) lib/action_dispatch/middleware/server_timing.rb:24:in `collect_events'
actionpack (7.1.4) lib/action_dispatch/middleware/server_timing.rb:58:in `call'
actionpack (7.1.4) lib/action_dispatch/middleware/executor.rb:14:in `call'
actionpack (7.1.4) lib/action_dispatch/middleware/static.rb:25:in `call'
rack (3.1.7) lib/rack/sendfile.rb:114:in `call'
actionpack (7.1.4) lib/action_dispatch/middleware/host_authorization.rb:141:in `call'
railties (7.1.4) lib/rails/engine.rb:536:in `call'
puma (6.4.3) lib/puma/configuration.rb:272:in `call'
puma (6.4.3) lib/puma/request.rb:100:in `block in handle_request'
puma (6.4.3) lib/puma/thread_pool.rb:378:in `with_force_shutdown'
puma (6.4.3) lib/puma/request.rb:99:in `handle_request'
puma (6.4.3) lib/puma/server.rb:464:in `process_client'
puma (6.4.3) lib/puma/server.rb:245:in `block in run'
puma (6.4.3) lib/puma/thread_pool.rb:155:in `block in spawn_thread'
Started GET "/favicon.ico" for 127.0.0.1 at 2024-09-30 19:09:52 +0300
  
ActiveRecord::NoDatabaseError (Database not found):
  
activerecord (7.1.4) lib/active_record/connection_adapters/sqlite3_adapter.rb:119:in `rescue in initialize'
activerecord (7.1.4) lib/active_record/connection_adapters/sqlite3_adapter.rb:115:in `initialize'
activerecord (7.1.4) lib/active_record/connection_adapters/sqlite3_adapter.rb:24:in `new'
activerecord (7.1.4) lib/active_record/connection_adapters/sqlite3_adapter.rb:24:in `sqlite3_connection'
activerecord (7.1.4) lib/active_record/connection_adapters/abstract/connection_pool.rb:676:in `public_send'
activerecord (7.1.4) lib/active_record/connection_adapters/abstract/connection_pool.rb:676:in `new_connection'
activerecord (7.1.4) lib/active_record/connection_adapters/abstract/connection_pool.rb:730:in `checkout_new_connection'
activerecord (7.1.4) lib/active_record/connection_adapters/abstract/connection_pool.rb:709:in `try_to_checkout_new_connection'
activerecord (7.1.4) lib/active_record/connection_adapters/abstract/connection_pool.rb:654:in `acquire_connection'
activerecord (7.1.4) lib/active_record/connection_adapters/abstract/connection_pool.rb:353:in `checkout'
activerecord (7.1.4) lib/active_record/connection_adapters/abstract/connection_pool.rb:182:in `connection'
activerecord (7.1.4) lib/active_record/migration/pending_migration_connection.rb:8:in `establish_temporary_connection'
activerecord (7.1.4) lib/active_record/migration.rb:774:in `block in pending_migrations'
activerecord (7.1.4) lib/active_record/migration.rb:773:in `each'
activerecord (7.1.4) lib/active_record/migration.rb:773:in `pending_migrations'
activerecord (7.1.4) lib/active_record/migration.rb:752:in `check_pending_migrations'
activerecord (7.1.4) lib/active_record/migration.rb:644:in `block (2 levels) in call'
activesupport (7.1.4) lib/active_support/file_update_checker.rb:85:in `execute'
activerecord (7.1.4) lib/active_record/migration.rb:649:in `block in call'
activerecord (7.1.4) lib/active_record/migration.rb:641:in `synchronize'
activerecord (7.1.4) lib/active_record/migration.rb:641:in `call'
actionpack (7.1.4) lib/action_dispatch/middleware/callbacks.rb:29:in `block in call'
activesupport (7.1.4) lib/active_support/callbacks.rb:101:in `run_callbacks'
actionpack (7.1.4) lib/action_dispatch/middleware/callbacks.rb:28:in `call'
actionpack (7.1.4) lib/action_dispatch/middleware/executor.rb:14:in `call'
actionpack (7.1.4) lib/action_dispatch/middleware/actionable_exceptions.rb:16:in `call'
actionpack (7.1.4) lib/action_dispatch/middleware/debug_exceptions.rb:29:in `call'
actionpack (7.1.4) lib/action_dispatch/middleware/show_exceptions.rb:31:in `call'
railties (7.1.4) lib/rails/rack/logger.rb:37:in `call_app'
railties (7.1.4) lib/rails/rack/logger.rb:24:in `block in call'
activesupport (7.1.4) lib/active_support/tagged_logging.rb:139:in `block in tagged'
activesupport (7.1.4) lib/active_support/tagged_logging.rb:39:in `tagged'
activesupport (7.1.4) lib/active_support/tagged_logging.rb:139:in `tagged'
activesupport (7.1.4) lib/active_support/broadcast_logger.rb:241:in `method_missing'
railties (7.1.4) lib/rails/rack/logger.rb:24:in `call'
sprockets-rails (3.5.2) lib/sprockets/rails/quiet_assets.rb:17:in `call'
actionpack (7.1.4) lib/action_dispatch/middleware/remote_ip.rb:92:in `call'
actionpack (7.1.4) lib/action_dispatch/middleware/request_id.rb:28:in `call'
rack (3.1.7) lib/rack/method_override.rb:28:in `call'
rack (3.1.7) lib/rack/runtime.rb:24:in `call'
activesupport (7.1.4) lib/active_support/cache/strategy/local_cache_middleware.rb:29:in `call'
actionpack (7.1.4) lib/action_dispatch/middleware/server_timing.rb:59:in `block in call'
actionpack (7.1.4) lib/action_dispatch/middleware/server_timing.rb:24:in `collect_events'
actionpack (7.1.4) lib/action_dispatch/middleware/server_timing.rb:58:in `call'
actionpack (7.1.4) lib/action_dispatch/middleware/executor.rb:14:in `call'
actionpack (7.1.4) lib/action_dispatch/middleware/static.rb:25:in `call'
rack (3.1.7) lib/rack/sendfile.rb:114:in `call'
actionpack (7.1.4) lib/action_dispatch/middleware/host_authorization.rb:141:in `call'
railties (7.1.4) lib/rails/engine.rb:536:in `call'
puma (6.4.3) lib/puma/configuration.rb:272:in `call'
puma (6.4.3) lib/puma/request.rb:100:in `block in handle_request'
puma (6.4.3) lib/puma/thread_pool.rb:378:in `with_force_shutdown'
puma (6.4.3) lib/puma/request.rb:99:in `handle_request'
puma (6.4.3) lib/puma/server.rb:464:in `process_client'
puma (6.4.3) lib/puma/server.rb:245:in `block in run'
puma (6.4.3) lib/puma/thread_pool.rb:155:in `block in spawn_thread'
Started POST "/rails/actions" for 127.0.0.1 at 2024-09-30 19:09:56 +0300
  
ActiveRecord::NoDatabaseError (Database not found):
  
activerecord (7.1.4) lib/active_record/connection_adapters/sqlite3_adapter.rb:119:in `rescue in initialize'
activerecord (7.1.4) lib/active_record/connection_adapters/sqlite3_adapter.rb:115:in `initialize'
activerecord (7.1.4) lib/active_record/connection_adapters/sqlite3_adapter.rb:24:in `new'
activerecord (7.1.4) lib/active_record/connection_adapters/sqlite3_adapter.rb:24:in `sqlite3_connection'
activerecord (7.1.4) lib/active_record/connection_adapters/abstract/connection_pool.rb:676:in `public_send'
activerecord (7.1.4) lib/active_record/connection_adapters/abstract/connection_pool.rb:676:in `new_connection'
activerecord (7.1.4) lib/active_record/connection_adapters/abstract/connection_pool.rb:730:in `checkout_new_connection'
activerecord (7.1.4) lib/active_record/connection_adapters/abstract/connection_pool.rb:709:in `try_to_checkout_new_connection'
activerecord (7.1.4) lib/active_record/connection_adapters/abstract/connection_pool.rb:654:in `acquire_connection'
activerecord (7.1.4) lib/active_record/connection_adapters/abstract/connection_pool.rb:353:in `checkout'
activerecord (7.1.4) lib/active_record/connection_adapters/abstract/connection_pool.rb:182:in `connection'
activerecord (7.1.4) lib/active_record/connection_adapters/abstract/connection_handler.rb:246:in `retrieve_connection'
activerecord (7.1.4) lib/active_record/connection_handling.rb:287:in `retrieve_connection'
activerecord (7.1.4) lib/active_record/connection_handling.rb:254:in `connection'
activerecord (7.1.4) lib/active_record/tasks/sqlite_database_tasks.rb:69:in `connection'
activerecord (7.1.4) lib/active_record/tasks/sqlite_database_tasks.rb:19:in `create'
activerecord (7.1.4) lib/active_record/tasks/database_tasks.rb:117:in `create'
activerecord (7.1.4) lib/active_record/tasks/database_tasks.rb:171:in `block in create_current'
activerecord (7.1.4) lib/active_record/tasks/database_tasks.rb:567:in `block (2 levels) in each_current_configuration'
activerecord (7.1.4) lib/active_record/tasks/database_tasks.rb:564:in `each'
activerecord (7.1.4) lib/active_record/tasks/database_tasks.rb:564:in `block in each_current_configuration'
activerecord (7.1.4) lib/active_record/tasks/database_tasks.rb:575:in `each'
activerecord (7.1.4) lib/active_record/tasks/database_tasks.rb:575:in `each_current_environment'
activerecord (7.1.4) lib/active_record/tasks/database_tasks.rb:563:in `each_current_configuration'
activerecord (7.1.4) lib/active_record/tasks/database_tasks.rb:171:in `create_current'
activerecord (7.1.4) lib/active_record/errors.rb:311:in `block in <class:NoDatabaseError>'
activesupport (7.1.4) lib/active_support/actionable_error.rb:30:in `dispatch'
actionpack (7.1.4) lib/action_dispatch/middleware/actionable_exceptions.rb:18:in `call'
actionpack (7.1.4) lib/action_dispatch/middleware/debug_exceptions.rb:29:in `call'
actionpack (7.1.4) lib/action_dispatch/middleware/show_exceptions.rb:31:in `call'
railties (7.1.4) lib/rails/rack/logger.rb:37:in `call_app'
railties (7.1.4) lib/rails/rack/logger.rb:24:in `block in call'
activesupport (7.1.4) lib/active_support/tagged_logging.rb:139:in `block in tagged'
activesupport (7.1.4) lib/active_support/tagged_logging.rb:39:in `tagged'
activesupport (7.1.4) lib/active_support/tagged_logging.rb:139:in `tagged'
activesupport (7.1.4) lib/active_support/broadcast_logger.rb:241:in `method_missing'
railties (7.1.4) lib/rails/rack/logger.rb:24:in `call'
sprockets-rails (3.5.2) lib/sprockets/rails/quiet_assets.rb:17:in `call'
actionpack (7.1.4) lib/action_dispatch/middleware/remote_ip.rb:92:in `call'
actionpack (7.1.4) lib/action_dispatch/middleware/request_id.rb:28:in `call'
rack (3.1.7) lib/rack/method_override.rb:28:in `call'
rack (3.1.7) lib/rack/runtime.rb:24:in `call'
activesupport (7.1.4) lib/active_support/cache/strategy/local_cache_middleware.rb:29:in `call'
actionpack (7.1.4) lib/action_dispatch/middleware/server_timing.rb:59:in `block in call'
actionpack (7.1.4) lib/action_dispatch/middleware/server_timing.rb:24:in `collect_events'
actionpack (7.1.4) lib/action_dispatch/middleware/server_timing.rb:58:in `call'
actionpack (7.1.4) lib/action_dispatch/middleware/executor.rb:14:in `call'
actionpack (7.1.4) lib/action_dispatch/middleware/static.rb:25:in `call'
rack (3.1.7) lib/rack/sendfile.rb:114:in `call'
actionpack (7.1.4) lib/action_dispatch/middleware/host_authorization.rb:141:in `call'
railties (7.1.4) lib/rails/engine.rb:536:in `call'
puma (6.4.3) lib/puma/configuration.rb:272:in `call'
puma (6.4.3) lib/puma/request.rb:100:in `block in handle_request'
puma (6.4.3) lib/puma/thread_pool.rb:378:in `with_force_shutdown'
puma (6.4.3) lib/puma/request.rb:99:in `handle_request'
puma (6.4.3) lib/puma/server.rb:464:in `process_client'
puma (6.4.3) lib/puma/server.rb:245:in `block in run'
puma (6.4.3) lib/puma/thread_pool.rb:155:in `block in spawn_thread'
Started GET "/favicon.ico" for 127.0.0.1 at 2024-09-30 19:09:57 +0300
  
ActiveRecord::NoDatabaseError (Database not found):
  
activerecord (7.1.4) lib/active_record/connection_adapters/sqlite3_adapter.rb:119:in `rescue in initialize'
activerecord (7.1.4) lib/active_record/connection_adapters/sqlite3_adapter.rb:115:in `initialize'
activerecord (7.1.4) lib/active_record/connection_adapters/sqlite3_adapter.rb:24:in `new'
activerecord (7.1.4) lib/active_record/connection_adapters/sqlite3_adapter.rb:24:in `sqlite3_connection'
activerecord (7.1.4) lib/active_record/connection_adapters/abstract/connection_pool.rb:676:in `public_send'
activerecord (7.1.4) lib/active_record/connection_adapters/abstract/connection_pool.rb:676:in `new_connection'
activerecord (7.1.4) lib/active_record/connection_adapters/abstract/connection_pool.rb:730:in `checkout_new_connection'
activerecord (7.1.4) lib/active_record/connection_adapters/abstract/connection_pool.rb:709:in `try_to_checkout_new_connection'
activerecord (7.1.4) lib/active_record/connection_adapters/abstract/connection_pool.rb:654:in `acquire_connection'
activerecord (7.1.4) lib/active_record/connection_adapters/abstract/connection_pool.rb:353:in `checkout'
activerecord (7.1.4) lib/active_record/connection_adapters/abstract/connection_pool.rb:182:in `connection'
activerecord (7.1.4) lib/active_record/migration/pending_migration_connection.rb:8:in `establish_temporary_connection'
activerecord (7.1.4) lib/active_record/migration.rb:774:in `block in pending_migrations'
activerecord (7.1.4) lib/active_record/migration.rb:773:in `each'
activerecord (7.1.4) lib/active_record/migration.rb:773:in `pending_migrations'
activerecord (7.1.4) lib/active_record/migration.rb:752:in `check_pending_migrations'
activerecord (7.1.4) lib/active_record/migration.rb:644:in `block (2 levels) in call'
activesupport (7.1.4) lib/active_support/file_update_checker.rb:85:in `execute'
activerecord (7.1.4) lib/active_record/migration.rb:649:in `block in call'
activerecord (7.1.4) lib/active_record/migration.rb:641:in `synchronize'
activerecord (7.1.4) lib/active_record/migration.rb:641:in `call'
actionpack (7.1.4) lib/action_dispatch/middleware/callbacks.rb:29:in `block in call'
activesupport (7.1.4) lib/active_support/callbacks.rb:101:in `run_callbacks'
actionpack (7.1.4) lib/action_dispatch/middleware/callbacks.rb:28:in `call'
actionpack (7.1.4) lib/action_dispatch/middleware/executor.rb:14:in `call'
actionpack (7.1.4) lib/action_dispatch/middleware/actionable_exceptions.rb:16:in `call'
actionpack (7.1.4) lib/action_dispatch/middleware/debug_exceptions.rb:29:in `call'
actionpack (7.1.4) lib/action_dispatch/middleware/show_exceptions.rb:31:in `call'
railties (7.1.4) lib/rails/rack/logger.rb:37:in `call_app'
railties (7.1.4) lib/rails/rack/logger.rb:24:in `block in call'
activesupport (7.1.4) lib/active_support/tagged_logging.rb:139:in `block in tagged'
activesupport (7.1.4) lib/active_support/tagged_logging.rb:39:in `tagged'
activesupport (7.1.4) lib/active_support/tagged_logging.rb:139:in `tagged'
activesupport (7.1.4) lib/active_support/broadcast_logger.rb:241:in `method_missing'
railties (7.1.4) lib/rails/rack/logger.rb:24:in `call'
sprockets-rails (3.5.2) lib/sprockets/rails/quiet_assets.rb:17:in `call'
actionpack (7.1.4) lib/action_dispatch/middleware/remote_ip.rb:92:in `call'
actionpack (7.1.4) lib/action_dispatch/middleware/request_id.rb:28:in `call'
rack (3.1.7) lib/rack/method_override.rb:28:in `call'
rack (3.1.7) lib/rack/runtime.rb:24:in `call'
activesupport (7.1.4) lib/active_support/cache/strategy/local_cache_middleware.rb:29:in `call'
actionpack (7.1.4) lib/action_dispatch/middleware/server_timing.rb:59:in `block in call'
actionpack (7.1.4) lib/action_dispatch/middleware/server_timing.rb:24:in `collect_events'
actionpack (7.1.4) lib/action_dispatch/middleware/server_timing.rb:58:in `call'
actionpack (7.1.4) lib/action_dispatch/middleware/executor.rb:14:in `call'
actionpack (7.1.4) lib/action_dispatch/middleware/static.rb:25:in `call'
rack (3.1.7) lib/rack/sendfile.rb:114:in `call'
actionpack (7.1.4) lib/action_dispatch/middleware/host_authorization.rb:141:in `call'
railties (7.1.4) lib/rails/engine.rb:536:in `call'
puma (6.4.3) lib/puma/configuration.rb:272:in `call'
puma (6.4.3) lib/puma/request.rb:100:in `block in handle_request'
puma (6.4.3) lib/puma/thread_pool.rb:378:in `with_force_shutdown'
puma (6.4.3) lib/puma/request.rb:99:in `handle_request'
puma (6.4.3) lib/puma/server.rb:464:in `process_client'
puma (6.4.3) lib/puma/server.rb:245:in `block in run'
puma (6.4.3) lib/puma/thread_pool.rb:155:in `block in spawn_thread'
Started GET "/" for 127.0.0.1 at 2024-09-30 19:10:58 +0300
  [1m[35m (2.8ms)[0m  [1m[35mCREATE TABLE "schema_migrations" ("version" varchar NOT NULL PRIMARY KEY)[0m
  [1m[35m (0.1ms)[0m  [1m[35mCREATE TABLE "ar_internal_metadata" ("key" varchar NOT NULL PRIMARY KEY, "value" varchar, "created_at" datetime(6) NOT NULL, "updated_at" datetime(6) NOT NULL)[0m
  [1m[36mActiveRecord::SchemaMigration Load (0.1ms)[0m  [1m[34mSELECT "schema_migrations"."version" FROM "schema_migrations" ORDER BY "schema_migrations"."version" ASC[0m
Processing by Rails::WelcomeController#index as HTML
  Rendering /__tebako_memfs__/lib/ruby/gems/3.2.0/gems/railties-7.1.4/lib/rails/templates/rails/welcome/index.html.erb
  Rendered /__tebako_memfs__/lib/ruby/gems/3.2.0/gems/railties-7.1.4/lib/rails/templates/rails/welcome/index.html.erb (Duration: 0.5ms | Allocations: 377)
Completed 200 OK in 9ms (Views: 4.2ms | ActiveRecord: 0.0ms | Allocations: 6392)


Started GET "/" for 127.0.0.1 at 2024-09-30 19:11:18 +0300
  [1m[36mActiveRecord::SchemaMigration Load (0.1ms)[0m  [1m[34mSELECT "schema_migrations"."version" FROM "schema_migrations" ORDER BY "schema_migrations"."version" ASC[0m
Processing by Rails::WelcomeController#index as HTML
  Rendering /__tebako_memfs__/lib/ruby/gems/3.2.0/gems/railties-7.1.4/lib/rails/templates/rails/welcome/index.html.erb
  Rendered /__tebako_memfs__/lib/ruby/gems/3.2.0/gems/railties-7.1.4/lib/rails/templates/rails/welcome/index.html.erb (Duration: 0.5ms | Allocations: 377)
Completed 200 OK in 8ms (Views: 3.6ms | ActiveRecord: 0.0ms | Allocations: 6394)


Started GET "/" for 127.0.0.1 at 2024-09-30 19:11:21 +0300
Processing by Rails::WelcomeController#index as HTML
  Rendering /__tebako_memfs__/lib/ruby/gems/3.2.0/gems/railties-7.1.4/lib/rails/templates/rails/welcome/index.html.erb
  Rendered /__tebako_memfs__/lib/ruby/gems/3.2.0/gems/railties-7.1.4/lib/rails/templates/rails/welcome/index.html.erb (Duration: 0.5ms | Allocations: 261)
Completed 200 OK in 2ms (Views: 1.1ms | ActiveRecord: 0.0ms | Allocations: 876)


Started GET "/" for 127.0.0.1 at 2024-09-30 19:15:33 +0300
  [1m[36mActiveRecord::SchemaMigration Load (0.1ms)[0m  [1m[34mSELECT "schema_migrations"."version" FROM "schema_migrations" ORDER BY "schema_migrations"."version" ASC[0m
Processing by Rails::WelcomeController#index as HTML
  Rendering /__tebako_memfs__/lib/ruby/gems/3.2.0/gems/railties-7.1.4/lib/rails/templates/rails/welcome/index.html.erb
  Rendered /__tebako_memfs__/lib/ruby/gems/3.2.0/gems/railties-7.1.4/lib/rails/templates/rails/welcome/index.html.erb (Duration: 0.5ms | Allocations: 377)
Completed 200 OK in 9ms (Views: 4.2ms | ActiveRecord: 0.0ms | Allocations: 6394)


